<?xml version="1.0" encoding="UTF-8"?>
<!-- Generated by org.testng.reporters.JUnitReportReporter -->
<testsuite hostname="MacBook-Pro.local" failures="0" tests="3" name="com.JetForm.testcases.JotFormPageTest" time="1.792" errors="0" timestamp="5 Mar 2021 04:57:00 GMT">
  <testcase classname="com.JetForm.testcases.JotFormPageTest" name="EnterFormInformation" time="1.771"/>
  <testcase classname="com.JetForm.testcases.JotFormPageTest" name="verifyHomePageTitleTest" time="0.016"/>
  <testcase classname="com.JetForm.testcases.JotFormPageTest" name="verifyTitleTest" time="0.005"/>
</testsuite> <!-- com.JetForm.testcases.JotFormPageTest -->
